<?xml version="1.0" encoding="UTF-8"?>
<!-- Generated by org.testng.reporters.JUnitXMLReporter -->
<testsuite hostname="pace-OptiPlex-360" ignored="0" name="Validation of the elements" tests="1" failures="1" timestamp="17 Aug 2017 11:08:58 GMT" time="17.457" errors="0">
  <testcase name="validate" time="0.049" classname="Academy.Validations">
    <failure type="java.lang.AssertionError" message="expected:&amp;lt;FEATURED COURSES&amp;gt; but was:&amp;lt;FEATURED Courses&amp;gt;">
      <![CDATA[java.lang.AssertionError: expected:<FEATURED COURSES> but was:<FEATURED Courses>
	at Academy.Validations.validate(Validations.java:38)
... Removed 27 stack frames]]>
    </failure>
  </testcase> <!-- validate -->
</testsuite> <!-- Validation of the elements -->
