<?xml version="1.0" encoding="UTF-8"?>
<testng-results skipped="0" failed="1" ignored="1" total="4" passed="2">
  <reporter-output>
  </reporter-output>
  <suite name="Automation Test" duration-ms="55504" started-at="2017-08-17T11:08:03Z" finished-at="2017-08-17T11:08:58Z">
    <groups>
    </groups>
    <test name="HomePage Login Test" duration-ms="38032" started-at="2017-08-17T11:08:03Z" finished-at="2017-08-17T11:08:41Z">
      <class name="Academy.HomePage">
        <test-method status="PASS" signature="basePagenavigation()[pri:0, instance:Academy.HomePage@61862a7f]" name="basePagenavigation" is-config="true" duration-ms="17979" started-at="2017-08-17T16:38:03Z" finished-at="2017-08-17T16:38:21Z">
          <reporter-output>
          </reporter-output>
        </test-method> <!-- basePagenavigation -->
        <test-method status="PASS" signature="clickLoginbtn()[pri:0, instance:Academy.HomePage@61862a7f]" name="clickLoginbtn" duration-ms="12434" started-at="2017-08-17T16:38:21Z" finished-at="2017-08-17T16:38:33Z">
          <reporter-output>
          </reporter-output>
        </test-method> <!-- clickLoginbtn -->
        <test-method status="PASS" signature="loginElements(java.lang.String, java.lang.String, java.lang.String)[pri:0, instance:Academy.HomePage@61862a7f]" name="loginElements" duration-ms="7592" started-at="2017-08-17T16:38:33Z" data-provider="getdata" finished-at="2017-08-17T16:38:41Z">
          <params>
            <param index="0">
              <value>
                <![CDATA[hemanth.sks@gmail.com]]>
              </value>
            </param>
            <param index="1">
              <value>
                <![CDATA[Test123@]]>
              </value>
            </param>
            <param index="2">
              <value>
                <![CDATA[Valid user]]>
              </value>
            </param>
          </params>
          <reporter-output>
          </reporter-output>
        </test-method> <!-- loginElements -->
        <test-method status="PASS" signature="closebrowser()[pri:0, instance:Academy.HomePage@61862a7f]" name="closebrowser" is-config="true" duration-ms="7" started-at="2017-08-17T16:38:41Z" finished-at="2017-08-17T16:38:41Z">
          <reporter-output>
          </reporter-output>
        </test-method> <!-- closebrowser -->
      </class> <!-- Academy.HomePage -->
    </test> <!-- HomePage Login Test -->
    <test name="Validation of the elements" duration-ms="17457" started-at="2017-08-17T11:08:41Z" finished-at="2017-08-17T11:08:58Z">
      <class name="Academy.Validations">
        <test-method status="PASS" signature="basePagenavigation()[pri:0, instance:Academy.Validations@4f18837a]" name="basePagenavigation" is-config="true" duration-ms="16239" started-at="2017-08-17T16:38:41Z" finished-at="2017-08-17T16:38:57Z">
          <reporter-output>
          </reporter-output>
        </test-method> <!-- basePagenavigation -->
        <test-method status="FAIL" signature="validate()[pri:0, instance:Academy.Validations@4f18837a]" name="validate" duration-ms="49" started-at="2017-08-17T16:38:57Z" finished-at="2017-08-17T16:38:57Z">
          <exception class="java.lang.AssertionError">
            <message>
              <![CDATA[expected:<FEATURED COURSES> but was:<FEATURED Courses>]]>
            </message>
            <full-stacktrace>
              <![CDATA[java.lang.AssertionError: expected:<FEATURED COURSES> but was:<FEATURED Courses>
	at org.testng.AssertJUnit.assertEquals(AssertJUnit.java:101)
	at org.testng.AssertJUnit.assertEquals(AssertJUnit.java:108)
	at Academy.Validations.validate(Validations.java:38)
	at sun.reflect.NativeMethodAccessorImpl.invoke0(Native Method)
	at sun.reflect.NativeMethodAccessorImpl.invoke(NativeMethodAccessorImpl.java:62)
	at sun.reflect.DelegatingMethodAccessorImpl.invoke(DelegatingMethodAccessorImpl.java:43)
	at java.lang.reflect.Method.invoke(Method.java:498)
	at org.testng.internal.MethodInvocationHelper.invokeMethod(MethodInvocationHelper.java:108)
	at org.testng.internal.Invoker.invokeMethod(Invoker.java:661)
	at org.testng.internal.Invoker.invokeTestMethod(Invoker.java:869)
	at org.testng.internal.Invoker.invokeTestMethods(Invoker.java:1193)
	at org.testng.internal.TestMethodWorker.invokeTestMethods(TestMethodWorker.java:126)
	at org.testng.internal.TestMethodWorker.run(TestMethodWorker.java:109)
	at org.testng.TestRunner.privateRun(TestRunner.java:744)
	at org.testng.TestRunner.run(TestRunner.java:602)
	at org.testng.SuiteRunner.runTest(SuiteRunner.java:380)
	at org.testng.SuiteRunner.runSequentially(SuiteRunner.java:375)
	at org.testng.SuiteRunner.privateRun(SuiteRunner.java:340)
	at org.testng.SuiteRunner.run(SuiteRunner.java:289)
	at org.testng.SuiteRunnerWorker.runSuite(SuiteRunnerWorker.java:52)
	at org.testng.SuiteRunnerWorker.run(SuiteRunnerWorker.java:86)
	at org.testng.TestNG.runSuitesSequentially(TestNG.java:1301)
	at org.testng.TestNG.runSuitesLocally(TestNG.java:1226)
	at org.testng.TestNG.runSuites(TestNG.java:1144)
	at org.testng.TestNG.run(TestNG.java:1115)
	at org.testng.remote.AbstractRemoteTestNG.run(AbstractRemoteTestNG.java:132)
	at org.testng.remote.RemoteTestNG.initAndRun(RemoteTestNG.java:230)
	at org.testng.remote.RemoteTestNG.main(RemoteTestNG.java:76)
]]>
            </full-stacktrace>
          </exception> <!-- java.lang.AssertionError -->
          <reporter-output>
          </reporter-output>
        </test-method> <!-- validate -->
        <test-method status="PASS" signature="closebrowser()[pri:0, instance:Academy.Validations@4f18837a]" name="closebrowser" is-config="true" duration-ms="5" started-at="2017-08-17T16:38:58Z" finished-at="2017-08-17T16:38:58Z">
          <reporter-output>
          </reporter-output>
        </test-method> <!-- closebrowser -->
      </class> <!-- Academy.Validations -->
    </test> <!-- Validation of the elements -->
  </suite> <!-- Automation Test -->
</testng-results>
